<?xml version="1.0" encoding="UTF-8"?>
<testng-results ignored="0" total="1" passed="1" failed="0" skipped="0">
  <reporter-output>
  </reporter-output>
  <suite started-at="2024-05-09T13:43:48 IST" name="Default suite" finished-at="2024-05-09T13:44:19 IST" duration-ms="31054">
    <groups>
    </groups>
    <test started-at="2024-05-09T13:43:48 IST" name="Default test" finished-at="2024-05-09T13:44:19 IST" duration-ms="31054">
      <class name="testcase.FileUpload">
        <test-method signature="FileUploadDocument()[pri:0, instance:testcase.FileUpload@4d9e68d0]" started-at="2024-05-09T13:43:48 IST" name="FileUploadDocument" finished-at="2024-05-09T13:44:19 IST" duration-ms="30862" status="PASS">
          <reporter-output>
          </reporter-output>
        </test-method> <!-- FileUploadDocument -->
      </class> <!-- testcase.FileUpload -->
    </test> <!-- Default test -->
  </suite> <!-- Default suite -->
</testng-results>
